app/build/intermediates/manifest_merge_blame_file/debug/manifest-merger-blame-debug-report.txt
1<?xml version="1.0" encoding="utf-8"?>
2<manifest xmlns:android="http://schemas.android.com/apk/res/android"
3    package="com.pca.gomusic"
4    android:compileSdkVersion="29"
5    android:compileSdkVersionCodename="10"
6    android:versionCode="42"
7    android:versionName="2.2" >
8
9    <uses-sdk
10        android:minSdkVersion="21"
10-->src/main/AndroidManifest.xml
11        android:targetSdkVersion="29" />
11-->src/main/AndroidManifest.xml
12
13    <uses-permission android:name="android.permission.ACCESS_NETWORK_STATE" />
13-->src/main/AndroidManifest.xml:8:274-77
13-->src/main/AndroidManifest.xml:8:291-345
14    <uses-permission android:name="android.permission.WAKE_LOCK" />
14-->src/main/AndroidManifest.xml:9:353-67
14-->src/main/AndroidManifest.xml:9:370-413
15    <uses-permission android:name="android.permission.READ_EXTERNAL_STORAGE" />
15-->src/main/AndroidManifest.xml:10:421-79
15-->src/main/AndroidManifest.xml:10:438-493
16    <uses-permission android:name="android.permission.WRITE_EXTERNAL_STORAGE" />
16-->src/main/AndroidManifest.xml:11:501-80
16-->src/main/AndroidManifest.xml:11:518-574
17
18    <uses-permission-sdk-23 android:name="android.permission.WRITE_SETTINGS" />
18-->src/main/AndroidManifest.xml:13:583-78
18-->src/main/AndroidManifest.xml:13:607-655
19
20    <uses-permission android:name="android.permission.FOREGROUND_SERVICE" />
20-->src/main/AndroidManifest.xml:15:664-75
20-->src/main/AndroidManifest.xml:15:681-733
21    <uses-permission android:name="android.permission.ACCESS_FINE_LOCATION" />
21-->src/main/AndroidManifest.xml:16:741-78
21-->src/main/AndroidManifest.xml:16:758-812
22    <uses-permission android:name="android.permission.ACCESS_COARSE_LOCATION" />
22-->src/main/AndroidManifest.xml:17:820-80
22-->src/main/AndroidManifest.xml:17:837-893
23
24    <uses-permission-sdk-23 android:name="android.permission.ACCESS_FINE_LOCATION" />
24-->src/main/AndroidManifest.xml:19:902-84
24-->src/main/AndroidManifest.xml:19:926-980
25    <uses-permission-sdk-23 android:name="android.permission.ACCESS_COARSE_LOCATION" />
25-->src/main/AndroidManifest.xml:20:988-87
25-->src/main/AndroidManifest.xml:20:1012-1068
26
27    <uses-permission android:name="android.permission.INTERNET" />
27-->src/main/AndroidManifest.xml:22:1077-65
27-->src/main/AndroidManifest.xml:22:1094-1136
28    <uses-permission android:name="android.permission.WRITE_SECURE_SETTINGS" />
28-->src/main/AndroidManifest.xml:25:1144-47
28-->src/main/AndroidManifest.xml:25:1169-1224
29    <uses-permission android:name="com.google.android.finsky.permission.BIND_GET_INSTALL_REFERRER_SERVICE" />
29-->src/main/AndroidManifest.xml:26:1276-109
29-->src/main/AndroidManifest.xml:26:1293-1378
30    <uses-permission android:name="android.permission.RECEIVE_BOOT_COMPLETED" />
30-->src/main/AndroidManifest.xml:27:1386-80
30-->src/main/AndroidManifest.xml:27:1403-1459
31    <uses-permission android:name="com.google.android.c2dm.permission.RECEIVE" />
31-->src/main/AndroidManifest.xml:28:1467-81
31-->src/main/AndroidManifest.xml:28:1484-1541
32
33    <application
33-->src/main/AndroidManifest.xml:38:1550-130:18
34        android:allowBackup="true"
34-->[com.github.claucookie.miniequalizer:library:1.0.0] AndroidManifest.xml:10:9-35
35        android:appCategory="audio"
35-->src/main/AndroidManifest.xml:38:1571-1598
36        android:appComponentFactory="androidx.core.app.CoreComponentFactory"
36-->[androidx.core:core:1.1.0] AndroidManifest.xml:24:18-86
37        android:debuggable="true"
38        android:icon="@drawable/app_icon"
38-->src/main/AndroidManifest.xml:38:1607-1640
39        android:label="@string/app_name"
39-->src/main/AndroidManifest.xml:38:1649-1681
40        android:roundIcon="@drawable/app_icon"
40-->src/main/AndroidManifest.xml:38:1690-1728
41        android:supportsRtl="true"
41-->src/main/AndroidManifest.xml:38:1737-1763
42        android:testOnly="true"
43        android:theme="@style/AppTheme"
43-->src/main/AndroidManifest.xml:38:1772-1803
44        android:useEmbeddedDex="true" >
44-->src/main/AndroidManifest.xml:38:1812-1841
45        <activity
45-->src/main/AndroidManifest.xml:40:1899-56
46            android:name="com.pca.gomusic.Activities.FeedbackActivity"
46-->src/main/AndroidManifest.xml:40:1909-1952
47            android:theme="@style/AppTheme" />
47-->src/main/AndroidManifest.xml:40:1965-1996
48        <activity
48-->src/main/AndroidManifest.xml:43:2017-56
49            android:name="com.pca.gomusic.Activities.SignInActivity"
49-->src/main/AndroidManifest.xml:43:2039-2080
50            android:theme="@style/AppTheme" />
50-->src/main/AndroidManifest.xml:43:2093-2124
51        <activity
51-->src/main/AndroidManifest.xml:46:2145-56
52            android:name="com.pca.gomusic.Activities.SettingsActivity"
52-->src/main/AndroidManifest.xml:46:2167-2210
53            android:theme="@style/AppTheme" />
53-->src/main/AndroidManifest.xml:46:2223-2254
54
55        <meta-data
55-->src/main/AndroidManifest.xml:50:2276-36
56            android:name="firebase_performance_logcat_enabled"
56-->src/main/AndroidManifest.xml:50:2299-2349
57            android:value="true" />
57-->src/main/AndroidManifest.xml:50:2362-2382
58
59        <activity
59-->src/main/AndroidManifest.xml:55:2395-58
60            android:name="com.pca.gomusic.Activities.PermissionActivity"
60-->src/main/AndroidManifest.xml:55:2417-2462
61            android:screenOrientation="portrait"
61-->src/main/AndroidManifest.xml:55:2475-2511
62            android:theme="@style/AppTheme.Permission" />
62-->src/main/AndroidManifest.xml:55:2524-2566
63        <activity android:name="com.pca.gomusic.Activities.AlbumActivity" />
63-->src/main/AndroidManifest.xml:56:2578-61
63-->src/main/AndroidManifest.xml:56:2588-2628
64        <activity
64-->src/main/AndroidManifest.xml:59:2640-32
65            android:name="com.pca.gomusic.Activities.ArtistActivity"
65-->src/main/AndroidManifest.xml:59:2662-2703
66            android:label="" />
66-->src/main/AndroidManifest.xml:59:2716-2732
67
68        <service
68-->src/main/AndroidManifest.xml:63:2745-67:18
69            android:name="com.pca.gomusic.Services.MyMessagingService"
69-->src/main/AndroidManifest.xml:63:2766-2809
70            android:exported="false" >
70-->src/main/AndroidManifest.xml:63:2822-2846
71            <intent-filter>
71-->src/main/AndroidManifest.xml:64:2860-66:28
72                <action android:name="com.google.firebase.MESSAGING_EVENT" />
72-->src/main/AndroidManifest.xml:65:2892-77
72-->src/main/AndroidManifest.xml:65:2900-2950
73            </intent-filter>
74        </service>
75        <service
75-->src/main/AndroidManifest.xml:71:3010-39
76            android:name="com.pca.gomusic.Services.PlayerService"
76-->src/main/AndroidManifest.xml:71:3031-3069
77            android:enabled="true"
77-->src/main/AndroidManifest.xml:71:3082-3104
78            android:exported="true" />
78-->src/main/AndroidManifest.xml:71:3117-3140
79
80        <meta-data
80-->src/main/AndroidManifest.xml:75:3153-53
81            android:name="com.google.firebase.messaging.default_notification_icon"
81-->src/main/AndroidManifest.xml:75:3176-3246
82            android:resource="@drawable/app_icon" />
82-->src/main/AndroidManifest.xml:75:3259-3296
83        <meta-data
83-->src/main/AndroidManifest.xml:78:3308-53
84            android:name="com.google.firebase.messaging.default_notification_color"
84-->src/main/AndroidManifest.xml:78:3331-3402
85            android:resource="@color/colorAccent" />
85-->src/main/AndroidManifest.xml:78:3415-3452
86        <meta-data
86-->src/main/AndroidManifest.xml:81:3464-70
87            android:name="com.google.android.gms.ads.APPLICATION_ID"
87-->src/main/AndroidManifest.xml:81:3487-3543
88            android:value="ca-app-pub-2858093115841936~3200227222" />
88-->src/main/AndroidManifest.xml:81:3556-3610
89        <meta-data
89-->src/main/AndroidManifest.xml:84:3622-63
90            android:name="com.facebook.sdk.ApplicationId"
90-->src/main/AndroidManifest.xml:84:3645-3690
91            android:value="@string/facebook_application_id" />
91-->src/main/AndroidManifest.xml:84:3703-3750
92
93        <provider
93-->src/main/AndroidManifest.xml:89:3763-40
94            android:name="com.facebook.FacebookContentProvider"
94-->src/main/AndroidManifest.xml:89:3785-3836
95            android:authorities="com.facebook.app.FacebookContentProvider310168126590917"
95-->src/main/AndroidManifest.xml:89:3849-3926
96            android:exported="false" />
96-->src/main/AndroidManifest.xml:89:3939-3963
97
98        <activity
98-->src/main/AndroidManifest.xml:94:3976-100:19
99            android:name="com.pca.gomusic.Activities.WelcomeScreen"
99-->src/main/AndroidManifest.xml:94:3998-4038
100            android:screenOrientation="portrait"
100-->src/main/AndroidManifest.xml:94:4051-4087
101            android:theme="@style/AppTheme" >
101-->src/main/AndroidManifest.xml:94:4100-4131
102            <intent-filter>
102-->src/main/AndroidManifest.xml:95:4145-99:28
103                <action android:name="android.intent.action.MAIN" />
103-->src/main/AndroidManifest.xml:96:4177-68
103-->src/main/AndroidManifest.xml:96:4185-4226
104
105                <category android:name="android.intent.category.LAUNCHER" />
105-->src/main/AndroidManifest.xml:98:4247-75
105-->src/main/AndroidManifest.xml:98:4257-4304
106            </intent-filter>
107        </activity>
108        <activity
108-->src/main/AndroidManifest.xml:110:4365-78
109            android:name="com.pca.gomusic.Activities.VideoPlayerActivity"
109-->src/main/AndroidManifest.xml:110:4387-4433
110            android:alwaysRetainTaskState="true"
110-->src/main/AndroidManifest.xml:110:4446-4482
111            android:configChanges="orientation|screenLayout|screenSize|smallestScreenSize"
111-->src/main/AndroidManifest.xml:110:4495-4573
112            android:launchMode="singleTask"
112-->src/main/AndroidManifest.xml:110:4586-4617
113            android:parentActivityName="com.pca.gomusic.Activities.MainActivity"
113-->src/main/AndroidManifest.xml:110:4630-4683
114            android:resizeableActivity="true"
114-->src/main/AndroidManifest.xml:110:4696-4729
115            android:rotationAnimation="crossfade"
115-->src/main/AndroidManifest.xml:110:4742-4779
116            android:supportsPictureInPicture="true"
116-->src/main/AndroidManifest.xml:110:4792-4831
117            android:theme="@style/AppTheme.NoActionBarVideoPlayerActivity" />
117-->src/main/AndroidManifest.xml:110:4844-4906
118        <activity
118-->src/main/AndroidManifest.xml:119:4918-55
119            android:name="com.pca.gomusic.Activities.MainActivity"
119-->src/main/AndroidManifest.xml:119:4940-4979
120            android:alwaysRetainTaskState="false"
120-->src/main/AndroidManifest.xml:119:4992-5029
121            android:launchMode="standard"
121-->src/main/AndroidManifest.xml:119:5042-5071
122            android:parentActivityName="com.pca.gomusic.Activities.MainActivity"
122-->src/main/AndroidManifest.xml:119:5084-5137
123            android:resizeableActivity="true"
123-->src/main/AndroidManifest.xml:119:5150-5183
124            android:screenOrientation="portrait"
124-->src/main/AndroidManifest.xml:119:5196-5232
125            android:showWhenLocked="false"
125-->src/main/AndroidManifest.xml:119:5245-5275
126            android:supportsPictureInPicture="true" />
126-->src/main/AndroidManifest.xml:119:5288-5327
127
128        <meta-data
128-->src/main/AndroidManifest.xml:123:5340-72
129            android:name="io.fabric.ApiKey"
129-->src/main/AndroidManifest.xml:123:5363-5394
130            android:value="e98b20335baba8b05e9215924c85969c6bcce61d" />
130-->src/main/AndroidManifest.xml:123:5407-5463
131        <meta-data
131-->src/main/AndroidManifest.xml:126:5475-69
132            android:name="com.google.android.gms.version"
132-->src/main/AndroidManifest.xml:126:5498-5543
133            android:value="@integer/google_play_services_version" />
133-->src/main/AndroidManifest.xml:126:5556-5609
134
135        <activity
135-->src/main/AndroidManifest.xml:128:5622-64
136            android:name="com.facebook.FacebookActivity"
136-->src/main/AndroidManifest.xml:128:5632-5676
137            android:configChanges="keyboard|keyboardHidden|screenLayout|screenSize|orientation"
137-->[com.facebook.android:facebook-common:5.9.0] AndroidManifest.xml:31:13-96
138            android:theme="@style/com_facebook_activity_theme" />
138-->[com.facebook.android:facebook-common:5.9.0] AndroidManifest.xml:32:13-63
139        <activity
139-->src/main/AndroidManifest.xml:129:5688-73
140            android:name="com.google.android.gms.ads.AdActivity"
140-->src/main/AndroidManifest.xml:129:5698-5750
141            android:configChanges="keyboard|keyboardHidden|orientation|screenLayout|uiMode|screenSize|smallestScreenSize"
141-->[com.google.android.gms:play-services-ads-lite:18.3.0] AndroidManifest.xml:31:13-122
142            android:exported="false"
142-->[com.google.android.gms:play-services-ads-lite:18.3.0] AndroidManifest.xml:32:13-37
143            android:theme="@android:style/Theme.Translucent" />
143-->[com.google.android.gms:play-services-ads-lite:18.3.0] AndroidManifest.xml:33:13-61
144        <activity android:name="com.facebook.CustomTabMainActivity" />
144-->[com.facebook.android:facebook-common:5.9.0] AndroidManifest.xml:33:9-71
144-->[com.facebook.android:facebook-common:5.9.0] AndroidManifest.xml:33:19-68
145        <activity android:name="com.facebook.CustomTabActivity" />
145-->[com.facebook.android:facebook-common:5.9.0] AndroidManifest.xml:34:9-67
145-->[com.facebook.android:facebook-common:5.9.0] AndroidManifest.xml:34:19-64
146        <activity
146-->[com.google.firebase:firebase-auth:19.2.0] AndroidManifest.xml:24:9-31:50
147            android:name="com.google.firebase.auth.internal.FederatedSignInActivity"
147-->[com.google.firebase:firebase-auth:19.2.0] AndroidManifest.xml:25:13-85
148            android:excludeFromRecents="true"
148-->[com.google.firebase:firebase-auth:19.2.0] AndroidManifest.xml:26:13-46
149            android:exported="true"
149-->[com.google.firebase:firebase-auth:19.2.0] AndroidManifest.xml:27:13-36
150            android:launchMode="singleTask"
150-->[com.google.firebase:firebase-auth:19.2.0] AndroidManifest.xml:28:13-44
151            android:permission="com.google.firebase.auth.api.gms.permission.LAUNCH_FEDERATED_SIGN_IN"
151-->[com.google.firebase:firebase-auth:19.2.0] AndroidManifest.xml:29:13-102
152            android:theme="@android:style/Theme.Translucent.NoTitleBar" />
152-->[com.google.firebase:firebase-auth:19.2.0] AndroidManifest.xml:30:13-72
153
154        <service
154-->[com.google.firebase:firebase-auth:19.2.0] AndroidManifest.xml:33:9-39:19
155            android:name="com.google.firebase.components.ComponentDiscoveryService"
155-->[com.google.firebase:firebase-auth:19.2.0] AndroidManifest.xml:34:13-84
156            android:directBootAware="true"
156-->[com.google.firebase:firebase-common:19.3.0] AndroidManifest.xml:34:13-43
157            android:exported="false" >
157-->[com.google.firebase:firebase-auth:19.2.0] AndroidManifest.xml:35:13-37
158            <meta-data
158-->[com.google.firebase:firebase-auth:19.2.0] AndroidManifest.xml:36:13-38:85
159                android:name="com.google.firebase.components:com.google.firebase.auth.FirebaseAuthRegistrar"
159-->[com.google.firebase:firebase-auth:19.2.0] AndroidManifest.xml:37:17-109
160                android:value="com.google.firebase.components.ComponentRegistrar" />
160-->[com.google.firebase:firebase-auth:19.2.0] AndroidManifest.xml:38:17-82
161            <meta-data
161-->[com.google.firebase:firebase-messaging:20.1.0] AndroidManifest.xml:38:13-40:85
162                android:name="com.google.firebase.components:com.google.firebase.messaging.FirebaseMessagingRegistrar"
162-->[com.google.firebase:firebase-messaging:20.1.0] AndroidManifest.xml:39:17-119
163                android:value="com.google.firebase.components.ComponentRegistrar" />
163-->[com.google.firebase:firebase-messaging:20.1.0] AndroidManifest.xml:40:17-82
164            <meta-data
164-->[com.google.firebase:firebase-perf:19.0.4] AndroidManifest.xml:34:13-36:85
165                android:name="com.google.firebase.components:com.google.firebase.perf.FirebasePerfRegistrar"
165-->[com.google.firebase:firebase-perf:19.0.4] AndroidManifest.xml:35:17-109
166                android:value="com.google.firebase.components.ComponentRegistrar" />
166-->[com.google.firebase:firebase-perf:19.0.4] AndroidManifest.xml:36:17-82
167            <meta-data
167-->[com.google.firebase:firebase-firestore:21.3.1] AndroidManifest.xml:20:13-22:85
168                android:name="com.google.firebase.components:com.google.firebase.firestore.FirestoreRegistrar"
168-->[com.google.firebase:firebase-firestore:21.3.1] AndroidManifest.xml:21:17-111
169                android:value="com.google.firebase.components.ComponentRegistrar" />
169-->[com.google.firebase:firebase-firestore:21.3.1] AndroidManifest.xml:22:17-82
170            <meta-data
170-->[com.google.android.gms:play-services-measurement-api:17.2.1] AndroidManifest.xml:30:13-32:85
171                android:name="com.google.firebase.components:com.google.firebase.analytics.connector.internal.AnalyticsConnectorRegistrar"
171-->[com.google.android.gms:play-services-measurement-api:17.2.1] AndroidManifest.xml:31:17-139
172                android:value="com.google.firebase.components.ComponentRegistrar" />
172-->[com.google.android.gms:play-services-measurement-api:17.2.1] AndroidManifest.xml:32:17-82
173            <meta-data
173-->[com.google.firebase:firebase-config:19.0.4] AndroidManifest.xml:32:13-34:85
174                android:name="com.google.firebase.components:com.google.firebase.remoteconfig.RemoteConfigRegistrar"
174-->[com.google.firebase:firebase-config:19.0.4] AndroidManifest.xml:33:17-117
175                android:value="com.google.firebase.components.ComponentRegistrar" />
175-->[com.google.firebase:firebase-config:19.0.4] AndroidManifest.xml:34:17-82
176            <meta-data
176-->[com.google.firebase:firebase-iid:20.0.2] AndroidManifest.xml:32:13-34:85
177                android:name="com.google.firebase.components:com.google.firebase.iid.Registrar"
177-->[com.google.firebase:firebase-iid:20.0.2] AndroidManifest.xml:33:17-96
178                android:value="com.google.firebase.components.ComponentRegistrar" />
178-->[com.google.firebase:firebase-iid:20.0.2] AndroidManifest.xml:34:17-82
179            <meta-data
179-->[com.google.firebase:firebase-datatransport:17.0.3] AndroidManifest.xml:28:13-30:85
180                android:name="com.google.firebase.components:com.google.firebase.datatransport.TransportRegistrar"
180-->[com.google.firebase:firebase-datatransport:17.0.3] AndroidManifest.xml:29:17-115
181                android:value="com.google.firebase.components.ComponentRegistrar" />
181-->[com.google.firebase:firebase-datatransport:17.0.3] AndroidManifest.xml:30:17-82
182            <meta-data
182-->[com.google.firebase:firebase-abt:19.0.0] AndroidManifest.xml:13:13-15:85
183                android:name="com.google.firebase.components:com.google.firebase.abt.component.AbtRegistrar"
183-->[com.google.firebase:firebase-abt:19.0.0] AndroidManifest.xml:14:17-109
184                android:value="com.google.firebase.components.ComponentRegistrar" />
184-->[com.google.firebase:firebase-abt:19.0.0] AndroidManifest.xml:15:17-82
185        </service>
186
187        <activity
187-->[com.google.android.gms:play-services-auth:17.0.0] AndroidManifest.xml:23:9-27:75
188            android:name="com.google.android.gms.auth.api.signin.internal.SignInHubActivity"
188-->[com.google.android.gms:play-services-auth:17.0.0] AndroidManifest.xml:24:13-93
189            android:excludeFromRecents="true"
189-->[com.google.android.gms:play-services-auth:17.0.0] AndroidManifest.xml:25:13-46
190            android:exported="false"
190-->[com.google.android.gms:play-services-auth:17.0.0] AndroidManifest.xml:26:13-37
191            android:theme="@android:style/Theme.Translucent.NoTitleBar" />
191-->[com.google.android.gms:play-services-auth:17.0.0] AndroidManifest.xml:27:13-72
192        <!--
193            Service handling Google Sign-In user revocation. For apps that do not integrate with
194            Google Sign-In, this service will never be started.
195        -->
196        <service
196-->[com.google.android.gms:play-services-auth:17.0.0] AndroidManifest.xml:33:9-36:110
197            android:name="com.google.android.gms.auth.api.signin.RevocationBoundService"
197-->[com.google.android.gms:play-services-auth:17.0.0] AndroidManifest.xml:34:13-89
198            android:exported="true"
198-->[com.google.android.gms:play-services-auth:17.0.0] AndroidManifest.xml:35:13-36
199            android:permission="com.google.android.gms.auth.api.signin.permission.REVOCATION_NOTIFICATION" />
199-->[com.google.android.gms:play-services-auth:17.0.0] AndroidManifest.xml:36:13-107
200        <!--
201             FirebaseMessagingService performs security checks at runtime,
202             but set to not exported to explicitly avoid allowing another app to call it.
203        -->
204        <service
204-->[com.google.firebase:firebase-messaging:20.1.0] AndroidManifest.xml:28:9-34:19
205            android:name="com.google.firebase.messaging.FirebaseMessagingService"
205-->[com.google.firebase:firebase-messaging:20.1.0] AndroidManifest.xml:29:13-82
206            android:exported="false" >
206-->[com.google.firebase:firebase-messaging:20.1.0] AndroidManifest.xml:30:13-37
207            <intent-filter android:priority="-500" >
207-->src/main/AndroidManifest.xml:64:2860-66:28
208                <action android:name="com.google.firebase.MESSAGING_EVENT" />
208-->src/main/AndroidManifest.xml:65:2892-77
208-->src/main/AndroidManifest.xml:65:2900-2950
209            </intent-filter>
210        </service>
211
212        <provider
212-->[com.crashlytics.sdk.android:crashlytics:2.10.1] AndroidManifest.xml:19:9-23:38
213            android:name="com.crashlytics.android.CrashlyticsInitProvider"
213-->[com.crashlytics.sdk.android:crashlytics:2.10.1] AndroidManifest.xml:20:13-75
214            android:authorities="com.pca.gomusic.crashlyticsinitprovider"
214-->[com.crashlytics.sdk.android:crashlytics:2.10.1] AndroidManifest.xml:21:13-75
215            android:exported="false"
215-->[com.crashlytics.sdk.android:crashlytics:2.10.1] AndroidManifest.xml:22:13-37
216            android:initOrder="90" />
216-->[com.crashlytics.sdk.android:crashlytics:2.10.1] AndroidManifest.xml:23:13-35
217
218        <receiver
218-->[com.google.android.gms:play-services-measurement:17.2.1] AndroidManifest.xml:29:9-33:20
219            android:name="com.google.android.gms.measurement.AppMeasurementReceiver"
219-->[com.google.android.gms:play-services-measurement:17.2.1] AndroidManifest.xml:30:13-85
220            android:enabled="true"
220-->[com.google.android.gms:play-services-measurement:17.2.1] AndroidManifest.xml:31:13-35
221            android:exported="false" >
221-->[com.google.android.gms:play-services-measurement:17.2.1] AndroidManifest.xml:32:13-37
222        </receiver>
223        <receiver
223-->[com.google.android.gms:play-services-measurement:17.2.1] AndroidManifest.xml:34:9-42:20
224            android:name="com.google.android.gms.measurement.AppMeasurementInstallReferrerReceiver"
224-->[com.google.android.gms:play-services-measurement:17.2.1] AndroidManifest.xml:35:13-100
225            android:enabled="true"
225-->[com.google.android.gms:play-services-measurement:17.2.1] AndroidManifest.xml:36:13-35
226            android:exported="true"
226-->[com.google.android.gms:play-services-measurement:17.2.1] AndroidManifest.xml:37:13-36
227            android:permission="android.permission.INSTALL_PACKAGES" >
227-->[com.google.android.gms:play-services-measurement:17.2.1] AndroidManifest.xml:38:13-69
228            <intent-filter>
228-->[com.google.android.gms:play-services-measurement:17.2.1] AndroidManifest.xml:39:13-41:29
229                <action android:name="com.android.vending.INSTALL_REFERRER" />
229-->[com.google.android.gms:play-services-measurement:17.2.1] AndroidManifest.xml:40:17-79
229-->[com.google.android.gms:play-services-measurement:17.2.1] AndroidManifest.xml:40:25-76
230            </intent-filter>
231        </receiver>
232
233        <service
233-->[com.google.android.gms:play-services-measurement:17.2.1] AndroidManifest.xml:44:9-47:40
234            android:name="com.google.android.gms.measurement.AppMeasurementService"
234-->[com.google.android.gms:play-services-measurement:17.2.1] AndroidManifest.xml:45:13-84
235            android:enabled="true"
235-->[com.google.android.gms:play-services-measurement:17.2.1] AndroidManifest.xml:46:13-35
236            android:exported="false" />
236-->[com.google.android.gms:play-services-measurement:17.2.1] AndroidManifest.xml:47:13-37
237        <service
237-->[com.google.android.gms:play-services-measurement:17.2.1] AndroidManifest.xml:48:9-52:72
238            android:name="com.google.android.gms.measurement.AppMeasurementJobService"
238-->[com.google.android.gms:play-services-measurement:17.2.1] AndroidManifest.xml:49:13-87
239            android:enabled="true"
239-->[com.google.android.gms:play-services-measurement:17.2.1] AndroidManifest.xml:50:13-35
240            android:exported="false"
240-->[com.google.android.gms:play-services-measurement:17.2.1] AndroidManifest.xml:51:13-37
241            android:permission="android.permission.BIND_JOB_SERVICE" />
241-->[com.google.android.gms:play-services-measurement:17.2.1] AndroidManifest.xml:52:13-69
242
243        <meta-data
243-->[com.crashlytics.sdk.android:crashlytics-ndk:2.1.1] AndroidManifest.xml:35:9-37:36
244            android:name="firebase_crashlytics_ndk_enabled"
244-->[com.crashlytics.sdk.android:crashlytics-ndk:2.1.1] AndroidManifest.xml:36:13-60
245            android:value="true" />
245-->[com.crashlytics.sdk.android:crashlytics-ndk:2.1.1] AndroidManifest.xml:37:13-33
246
247        <provider
247-->[com.google.firebase:firebase-perf:19.0.4] AndroidManifest.xml:25:9-29:39
248            android:name="com.google.firebase.perf.provider.FirebasePerfProvider"
248-->[com.google.firebase:firebase-perf:19.0.4] AndroidManifest.xml:26:13-82
249            android:authorities="com.pca.gomusic.firebaseperfprovider"
249-->[com.google.firebase:firebase-perf:19.0.4] AndroidManifest.xml:27:13-72
250            android:exported="false"
250-->[com.google.firebase:firebase-perf:19.0.4] AndroidManifest.xml:28:13-37
251            android:initOrder="101" />
251-->[com.google.firebase:firebase-perf:19.0.4] AndroidManifest.xml:29:13-36
252        <provider
252-->[androidx.work:work-runtime:2.3.0-beta02] AndroidManifest.xml:31:9-37:35
253            android:name="androidx.work.impl.WorkManagerInitializer"
253-->[androidx.work:work-runtime:2.3.0-beta02] AndroidManifest.xml:32:13-69
254            android:authorities="com.pca.gomusic.workmanager-init"
254-->[androidx.work:work-runtime:2.3.0-beta02] AndroidManifest.xml:33:13-68
255            android:directBootAware="false"
255-->[androidx.work:work-runtime:2.3.0-beta02] AndroidManifest.xml:34:13-44
256            android:exported="false"
256-->[androidx.work:work-runtime:2.3.0-beta02] AndroidManifest.xml:35:13-37
257            android:multiprocess="true" />
257-->[androidx.work:work-runtime:2.3.0-beta02] AndroidManifest.xml:36:13-40
258
259        <service
259-->[androidx.work:work-runtime:2.3.0-beta02] AndroidManifest.xml:39:9-44:35
260            android:name="androidx.work.impl.background.systemalarm.SystemAlarmService"
260-->[androidx.work:work-runtime:2.3.0-beta02] AndroidManifest.xml:40:13-88
261            android:directBootAware="false"
261-->[androidx.work:work-runtime:2.3.0-beta02] AndroidManifest.xml:41:13-44
262            android:enabled="@bool/enable_system_alarm_service_default"
262-->[androidx.work:work-runtime:2.3.0-beta02] AndroidManifest.xml:42:13-72
263            android:exported="false" />
263-->[androidx.work:work-runtime:2.3.0-beta02] AndroidManifest.xml:43:13-37
264        <service
264-->[androidx.work:work-runtime:2.3.0-beta02] AndroidManifest.xml:45:9-51:35
265            android:name="androidx.work.impl.background.systemjob.SystemJobService"
265-->[androidx.work:work-runtime:2.3.0-beta02] AndroidManifest.xml:46:13-84
266            android:directBootAware="false"
266-->[androidx.work:work-runtime:2.3.0-beta02] AndroidManifest.xml:47:13-44
267            android:enabled="@bool/enable_system_job_service_default"
267-->[androidx.work:work-runtime:2.3.0-beta02] AndroidManifest.xml:48:13-70
268            android:exported="true"
268-->[androidx.work:work-runtime:2.3.0-beta02] AndroidManifest.xml:49:13-36
269            android:permission="android.permission.BIND_JOB_SERVICE" />
269-->[androidx.work:work-runtime:2.3.0-beta02] AndroidManifest.xml:50:13-69
270        <service
270-->[androidx.work:work-runtime:2.3.0-beta02] AndroidManifest.xml:52:9-57:35
271            android:name="androidx.work.impl.foreground.SystemForegroundService"
271-->[androidx.work:work-runtime:2.3.0-beta02] AndroidManifest.xml:53:13-81
272            android:directBootAware="false"
272-->[androidx.work:work-runtime:2.3.0-beta02] AndroidManifest.xml:54:13-44
273            android:enabled="@bool/enable_system_foreground_service_default"
273-->[androidx.work:work-runtime:2.3.0-beta02] AndroidManifest.xml:55:13-77
274            android:exported="false" />
274-->[androidx.work:work-runtime:2.3.0-beta02] AndroidManifest.xml:56:13-37
275
276        <receiver
276-->[androidx.work:work-runtime:2.3.0-beta02] AndroidManifest.xml:59:9-64:35
277            android:name="androidx.work.impl.utils.ForceStopRunnable$BroadcastReceiver"
277-->[androidx.work:work-runtime:2.3.0-beta02] AndroidManifest.xml:60:13-88